<?xml version="1.0" encoding="UTF-8"?>
<testng-results ignored="0" total="1" passed="1" failed="0" skipped="0">
  <reporter-output>
  </reporter-output>
  <suite started-at="2023-11-27T10:32:29 IST" name="Suite" finished-at="2023-11-27T10:33:35 IST" duration-ms="66252">
    <groups>
    </groups>
    <test started-at="2023-11-27T10:32:29 IST" name="Test" finished-at="2023-11-27T10:33:35 IST" duration-ms="66252">
      <class name="com.w3school.utils.Reports">
        <test-method is-config="true" signature="startReport()[pri:0, instance:com.w3school.utils.Reports@3c41ed1d]" started-at="2023-11-27T10:32:28 IST" name="startReport" finished-at="2023-11-27T10:32:29 IST" duration-ms="1190" status="PASS">
          <reporter-output>
          </reporter-output>
        </test-method> <!-- startReport -->
        <test-method is-config="true" signature="endReport()[pri:0, instance:com.w3school.utils.Reports@3c41ed1d]" started-at="2023-11-27T10:33:36 IST" name="endReport" finished-at="2023-11-27T10:33:40 IST" duration-ms="3946" status="PASS">
          <reporter-output>
          </reporter-output>
        </test-method> <!-- endReport -->
      </class> <!-- com.w3school.utils.Reports -->
      <class name="com.w3school.tests.LoginTest">
        <test-method signature="loginWithValidData()[pri:0, instance:com.w3school.tests.LoginTest@2f4948e4]" started-at="2023-11-27T10:32:29 IST" name="loginWithValidData" finished-at="2023-11-27T10:33:35 IST" duration-ms="66129" status="PASS">
          <reporter-output>
          </reporter-output>
        </test-method> <!-- loginWithValidData -->
      </class> <!-- com.w3school.tests.LoginTest -->
    </test> <!-- Test -->
  </suite> <!-- Suite -->
</testng-results>
