<?xml version="1.0" encoding="UTF-8"?>
<testng-results ignored="0" total="1" passed="1" failed="0" skipped="0">
  <reporter-output>
  </reporter-output>
  <suite started-at="2023-11-26T12:37:48 IST" name="Default suite" finished-at="2023-11-26T12:37:49 IST" duration-ms="369">
    <groups>
    </groups>
    <test started-at="2023-11-26T12:37:48 IST" name="Default test" finished-at="2023-11-26T12:37:49 IST" duration-ms="369">
      <class name="com.W3Schools.tests.ProfileTest">
        <test-method signature="enterProfileDetails()[pri:0, instance:com.W3Schools.tests.ProfileTest@5656be13]" started-at="2023-11-26T12:37:49 IST" name="enterProfileDetails" finished-at="2023-11-26T12:37:49 IST" duration-ms="272" status="PASS">
          <reporter-output>
          </reporter-output>
        </test-method> <!-- enterProfileDetails -->
      </class> <!-- com.W3Schools.tests.ProfileTest -->
    </test> <!-- Default test -->
  </suite> <!-- Default suite -->
</testng-results>
