<?xml version="1.0" encoding="UTF-8"?>
<testng-results ignored="0" total="1" passed="1" failed="0" skipped="0">
  <reporter-output>
  </reporter-output>
  <suite started-at="2023-11-26T14:06:19 IST" name="Default suite" finished-at="2023-11-26T14:06:45 IST" duration-ms="26275">
    <groups>
    </groups>
    <test started-at="2023-11-26T14:06:19 IST" name="Default test" finished-at="2023-11-26T14:06:45 IST" duration-ms="26275">
      <class name="com.W3Schools.tests.LoginTest">
        <test-method signature="loginWithValidData()[pri:0, instance:com.W3Schools.tests.LoginTest@65fb9ffc]" started-at="2023-11-26T14:06:19 IST" name="loginWithValidData" finished-at="2023-11-26T14:06:45 IST" duration-ms="26090" status="PASS">
          <reporter-output>
          </reporter-output>
        </test-method> <!-- loginWithValidData -->
      </class> <!-- com.W3Schools.tests.LoginTest -->
    </test> <!-- Default test -->
  </suite> <!-- Default suite -->
</testng-results>
